0 info it worked if it ends with ok
1 verbose cli [ 'C:\\Program Files\\nodejs\\node.exe',
1 verbose cli   'C:\\Users\\Sarah\\AppData\\Roaming\\npm\\node_modules\\npm\\bin\\npm-cli.js',
1 verbose cli   'run',
1 verbose cli   'lite' ]
2 info using npm@3.5.3
3 info using node@v4.2.4
4 verbose run-script [ 'prelite', 'lite', 'postlite' ]
5 info lifecycle a2@1.0.0~prelite: a2@1.0.0
6 silly lifecycle a2@1.0.0~prelite: no script for prelite, continuing
7 info lifecycle a2@1.0.0~lite: a2@1.0.0
8 verbose lifecycle a2@1.0.0~lite: unsafe-perm in lifecycle true
9 verbose lifecycle a2@1.0.0~lite: PATH: C:\Users\Sarah\AppData\Roaming\npm\node_modules\npm\bin\node-gyp-bin;C:\Users\Sarah\Documents\code\a2\node_modules\.bin;C:\Users\Sarah\AppData\Roaming\npm\node_modules\npm\bin\node-gyp-bin;C:\Users\Sarah\Documents\code\a2\node_modules\.bin;C:\ProgramData\Oracle\Java\javapath;C:\Program Files (x86)\Lenovo\FusionEngine;C:\Program Files (x86)\Intel\iCLS Client\;C:\Program Files\Intel\iCLS Client\;C:\Program Files (x86)\NVIDIA Corporation\PhysX\Common;C:\WINDOWS\system32;C:\WINDOWS;C:\WINDOWS\System32\Wbem;C:\WINDOWS\System32\WindowsPowerShell\v1.0\;C:\Program Files\Intel\Intel(R) Management Engine Components\DAL;C:\Program Files (x86)\Intel\Intel(R) Management Engine Components\DAL;C:\Program Files\Intel\Intel(R) Management Engine Components\IPT;C:\Program Files (x86)\Intel\Intel(R) Management Engine Components\IPT;C:\Program Files\Intel\WiFi\bin\;C:\Program Files\Common Files\Intel\WirelessCommon\;C:\Program Files (x86)\Common Files\lenovo\easyplussdk\bin;C:\WINDOWS\system32\config\systemprofile\.dnx\bin;C:\Program Files\Microsoft DNX\Dnvm\;C:\Program Files (x86)\Windows Kits\8.1\Windows Performance Toolkit\;C:\Program Files\nodejs\;C:\Users\Sarah\AppData\Local\Programs\Git\cmd;C:\Users\Sarah\AppData\Local\Programs\Git\mingw64\bin;C:\Users\Sarah\AppData\Local\Programs\Git\usr\bin;C:\Program Files (x86)\Heroku\bin;C:\Program Files (x86)\git\cmd;C:\Program Files (x86)\Git\cmd;C:\Users\Sarah\.dnx\bin;C:\Ruby22-x64\bin;C:\Users\Sarah\AppData\Local\Programs\Git\cmd;C:\Users\Sarah\AppData\Local\Programs\Git\mingw64\bin;C:\Users\Sarah\AppData\Local\Programs\Git\usr\bin;C:\Users\Sarah\AppData\Roaming\npm;C:\Program Files\Docker Toolbox;%USERPROFILE%\AppData\Local\Microsoft\WindowsApps;
10 verbose lifecycle a2@1.0.0~lite: CWD: C:\Users\Sarah\Documents\code\a2
11 silly lifecycle a2@1.0.0~lite: Args: [ '/d /s /c', 'lite-server' ]
12 silly lifecycle a2@1.0.0~lite: Returned: code: 3  signal: null
13 info lifecycle a2@1.0.0~lite: Failed to exec lite script
14 verbose stack Error: a2@1.0.0 lite: `lite-server`
14 verbose stack Exit status 3
14 verbose stack     at EventEmitter.<anonymous> (C:\Users\Sarah\AppData\Roaming\npm\node_modules\npm\lib\utils\lifecycle.js:232:16)
14 verbose stack     at emitTwo (events.js:87:13)
14 verbose stack     at EventEmitter.emit (events.js:172:7)
14 verbose stack     at ChildProcess.<anonymous> (C:\Users\Sarah\AppData\Roaming\npm\node_modules\npm\lib\utils\spawn.js:24:14)
14 verbose stack     at emitTwo (events.js:87:13)
14 verbose stack     at ChildProcess.emit (events.js:172:7)
14 verbose stack     at maybeClose (internal/child_process.js:818:16)
14 verbose stack     at Process.ChildProcess._handle.onexit (internal/child_process.js:211:5)
15 verbose pkgid a2@1.0.0
16 verbose cwd C:\Users\Sarah\Documents\code\a2
17 error Windows_NT 10.0.14393
18 error argv "C:\\Program Files\\nodejs\\node.exe" "C:\\Users\\Sarah\\AppData\\Roaming\\npm\\node_modules\\npm\\bin\\npm-cli.js" "run" "lite"
19 error node v4.2.4
20 error npm  v3.5.3
21 error code ELIFECYCLE
22 error a2@1.0.0 lite: `lite-server`
22 error Exit status 3
23 error Failed at the a2@1.0.0 lite script 'lite-server'.
23 error Make sure you have the latest version of node.js and npm installed.
23 error If you do, this is most likely a problem with the a2 package,
23 error not with npm itself.
23 error Tell the author that this fails on your system:
23 error     lite-server
23 error You can get information on how to open an issue for this project with:
23 error     npm bugs a2
23 error Or if that isn't available, you can get their info via:
23 error     npm owner ls a2
23 error There is likely additional logging output above.
24 verbose exit [ 1, true ]
